<?xml version="1.0" encoding="UTF-8"?>
<!-- Generated by org.testng.reporters.JUnitReportReporter -->
<testsuite hostname="DESKTOP-TCMQ2TK" failures="0" tests="2" name="com.obsquara.SevenRMart.testscript.LogoutTest" time="19.042" errors="0" timestamp="2023-10-04T22:35:14 IST" skipped="0">
  <testcase classname="com.obsquara.SevenRMart.testscript.LogoutTest" name="verifyTheAdminLogout" time="11.608"/>
  <system-out/>
  <testcase classname="com.obsquara.SevenRMart.testscript.LogoutTest" name="verifyTheAdminLogout" time="7.434"/>
  <system-out/>
</testsuite> <!-- com.obsquara.SevenRMart.testscript.LogoutTest -->
