<?xml version="1.0" encoding="UTF-8"?>
<!-- Generated by org.testng.reporters.JUnitReportReporter -->
<testsuite hostname="DESKTOP-TCMQ2TK" failures="0" tests="1" name="com.obsquara.SevenRMart.testscript.PushNotificationTest" time="7.424" errors="0" timestamp="2023-09-27T23:20:23 IST" skipped="0">
  <testcase classname="com.obsquara.SevenRMart.testscript.PushNotificationTest" name="sendThePushNotificationInformation" time="7.424"/>
  <system-out/>
</testsuite> <!-- com.obsquara.SevenRMart.testscript.PushNotificationTest -->
