<?xml version="1.0" encoding="UTF-8"?>
<!-- Generated by org.testng.reporters.JUnitReportReporter -->
<testsuite hostname="DESKTOP-TCMQ2TK" failures="0" tests="4" name="com.obsquara.SevenRMart.testscript.LoginTest" time="14.323" errors="0" timestamp="2023-10-08T23:07:42 IST" skipped="0">
  <testcase classname="com.obsquara.SevenRMart.testscript.LoginTest" name="verifyInvalidUserNameAndInvalidPassword" time="2.977"/>
  <system-out/>
  <testcase classname="com.obsquara.SevenRMart.testscript.LoginTest" name="verifycorrectUserNameandwrongPassword" time="5.126"/>
  <system-out/>
  <testcase classname="com.obsquara.SevenRMart.testscript.LoginTest" name="verifyUserIsAbleToLoginWithCorrectUserNameAndPassword" time="3.301"/>
  <system-out/>
  <testcase classname="com.obsquara.SevenRMart.testscript.LoginTest" name="verifyUserIsUnableTOLoginWithWrongUserNameAndCorrectPassword" time="2.919"/>
  <system-out/>
</testsuite> <!-- com.obsquara.SevenRMart.testscript.LoginTest -->
