<?xml version="1.0" encoding="UTF-8"?>
<!-- Generated by org.testng.reporters.JUnitReportReporter -->
<testsuite hostname="DESKTOP-TCMQ2TK" failures="0" tests="4" name="com.obsquara.SevenRMart.testscript.AdminLogin" time="11.856" errors="0" timestamp="2023-09-24T23:53:55 IST" skipped="0">
  <testcase classname="com.obsquara.SevenRMart.testscript.AdminLogin" name="verifysevenrmartAdminLogin" time="2.677"/>
  <system-out/>
  <testcase classname="com.obsquara.SevenRMart.testscript.AdminLogin" name="verifyinvalidusernameAndpassword" time="4.152"/>
  <system-out/>
  <testcase classname="com.obsquara.SevenRMart.testscript.AdminLogin" name="verifycorrectUserNameandwrongPassword" time="2.388"/>
  <system-out/>
  <testcase classname="com.obsquara.SevenRMart.testscript.AdminLogin" name="verifyWrongUserandcorrectPassword" time="2.639"/>
  <system-out/>
</testsuite> <!-- com.obsquara.SevenRMart.testscript.AdminLogin -->
