<?xml version="1.0" encoding="UTF-8"?>
<!-- Generated by org.testng.reporters.JUnitReportReporter -->
<testsuite hostname="DESKTOP-TCMQ2TK" failures="0" tests="1" name="com.obsquara.SevenRMart.testscript.LogoutTest" time="5.917" errors="0" timestamp="2023-09-23T22:33:50 IST" skipped="0">
  <testcase classname="com.obsquara.SevenRMart.testscript.LogoutTest" name="verifyTheAdminLogout" time="5.917"/>
  <system-out/>
</testsuite> <!-- com.obsquara.SevenRMart.testscript.LogoutTest -->
