<?xml version="1.0" encoding="UTF-8"?>
<!-- Generated by org.testng.reporters.JUnitReportReporter -->
<testsuite hostname="DESKTOP-TCMQ2TK" failures="0" tests="1" name="com.obsquara.SevenRMart.testscript.AdminUsersTest" time="8.853" errors="0" timestamp="2023-10-02T23:23:37 IST" skipped="0">
  <testcase classname="com.obsquara.SevenRMart.testscript.AdminUsersTest" name="verifyUserCreatedSuccessfullyUserDetailsinAdminUserPage" time="8.853"/>
  <system-out/>
</testsuite> <!-- com.obsquara.SevenRMart.testscript.AdminUsersTest -->
