<?xml version="1.0" encoding="UTF-8"?>
<!-- Generated by org.testng.reporters.JUnitReportReporter -->
<testsuite hostname="DESKTOP-TCMQ2TK" failures="0" tests="4" name="com.obsquara.SevenRMart.testscript.LoginTest" time="14.416" errors="0" timestamp="2023-09-21T19:28:24 IST" skipped="0">
  <testcase classname="com.obsquara.SevenRMart.testscript.LoginTest" name="verifyUserIsAbleToLoginWithCorrectUserNameAndPassword" time="3.471"/>
  <system-out/>
  <testcase classname="com.obsquara.SevenRMart.testscript.LoginTest" name="verifycorrectUserNameandwrongPassword" time="4.766"/>
  <system-out/>
  <testcase classname="com.obsquara.SevenRMart.testscript.LoginTest" name="verifyUserIsAbleTOLoginWithWrongUserNameAndCorrectPassword" time="3.110"/>
  <system-out/>
  <testcase classname="com.obsquara.SevenRMart.testscript.LoginTest" name="verifyInvalidUserNameAndInvalidPassword" time="3.069"/>
  <system-out/>
</testsuite> <!-- com.obsquara.SevenRMart.testscript.LoginTest -->
