<?xml version="1.0" encoding="UTF-8"?>
<!-- Generated by org.testng.reporters.JUnitReportReporter -->
<testsuite hostname="DESKTOP-TCMQ2TK" failures="0" tests="1" name="com.obsquara.SevenRMart.testscript.ManageUsersTest" time="4.713" errors="0" timestamp="2023-10-03T23:21:43 IST" skipped="0">
  <testcase classname="com.obsquara.SevenRMart.testscript.ManageUsersTest" name="verifysAbleToSearchTheUserdetails" time="4.713"/>
  <system-out/>
</testsuite> <!-- com.obsquara.SevenRMart.testscript.ManageUsersTest -->
