<?xml version="1.0" encoding="UTF-8"?>
<!-- Generated by org.testng.reporters.JUnitReportReporter -->
<testsuite hostname="DESKTOP-TCMQ2TK" failures="0" tests="1" name="com.obsquara.SevenRMart.testscript.ManageLocationText" time="8.914" errors="0" timestamp="2023-10-03T16:22:40 IST" skipped="0">
  <testcase classname="com.obsquara.SevenRMart.testscript.ManageLocationText" name="verifySearchthedetailsofmanagelocationpage" time="8.914"/>
  <system-out/>
</testsuite> <!-- com.obsquara.SevenRMart.testscript.ManageLocationText -->
