<?xml version="1.0" encoding="UTF-8"?>
<!-- Generated by org.testng.reporters.JUnitReportReporter -->
<testsuite hostname="DESKTOP-TCMQ2TK" failures="0" tests="1" name="com.obsquara.SevenRMart.testscript.ListPagesNewSaveTest" time="5.942" errors="0" timestamp="2023-09-24T23:54:28 IST" skipped="0">
  <testcase classname="com.obsquara.SevenRMart.testscript.ListPagesNewSaveTest" name="verifyaddnewitemlistsavebuttontext" time="5.942"/>
  <system-out/>
</testsuite> <!-- com.obsquara.SevenRMart.testscript.ListPagesNewSaveTest -->
