<?xml version="1.0" encoding="UTF-8"?>
<!-- Generated by org.testng.reporters.JUnitReportReporter -->
<testsuite hostname="DESKTOP-TCMQ2TK" failures="0" tests="1" name="com.obsquara.SevenRMart.testscript.ManageDeliveryBoyTest" time="8.073" errors="0" timestamp="2023-09-28T01:06:42 IST" skipped="0">
  <testcase classname="com.obsquara.SevenRMart.testscript.ManageDeliveryBoyTest" name="verifyAddDeliverBoyInformationinManageDeliveryBoyPage" time="8.073"/>
  <system-out/>
</testsuite> <!-- com.obsquara.SevenRMart.testscript.ManageDeliveryBoyTest -->
