<?xml version="1.0" encoding="UTF-8"?>
<!-- Generated by org.testng.reporters.JUnitReportReporter -->
<testsuite hostname="DESKTOP-TCMQ2TK" failures="0" tests="1" name="com.obsquara.SevenRMart.testscript.ManageDeliveryBoyTest" time="9.455" errors="0" timestamp="2023-10-03T16:17:03 IST" skipped="0">
  <testcase classname="com.obsquara.SevenRMart.testscript.ManageDeliveryBoyTest" name="verifyAddDeliverBoyInformationinManageDeliveryBoyPage" time="9.455"/>
  <system-out/>
</testsuite> <!-- com.obsquara.SevenRMart.testscript.ManageDeliveryBoyTest -->
