<?xml version="1.0" encoding="UTF-8"?>
<!-- Generated by org.testng.reporters.JUnitReportReporter -->
<testsuite hostname="DESKTOP-TCMQ2TK" failures="0" tests="1" name="com.obsquara.SevenRMart.testscript.LoginTest" time="7.652" errors="0" timestamp="2023-10-02T23:02:25 IST" skipped="0">
  <testcase classname="com.obsquara.SevenRMart.testscript.LoginTest" name="verifyUserIsAbleToLoginWithCorrectUserNameAndPassword" time="7.652"/>
  <system-out/>
</testsuite> <!-- com.obsquara.SevenRMart.testscript.LoginTest -->
