<?xml version="1.0" encoding="UTF-8"?>
<!-- Generated by org.testng.reporters.JUnitReportReporter -->
<testsuite hostname="DESKTOP-TCMQ2TK" failures="0" tests="1" name="com.obsquara.SevenRMart.testscript.ManageProdductTest" time="6.007" errors="0" timestamp="2023-10-05T09:16:01 IST" skipped="0">
  <testcase classname="com.obsquara.SevenRMart.testscript.ManageProdductTest" name="verifyUnableToaddNewIteminmanageproductpage" time="6.007"/>
  <system-out/>
</testsuite> <!-- com.obsquara.SevenRMart.testscript.ManageProdductTest -->
