<?xml version="1.0" encoding="UTF-8"?>
<!-- Generated by org.testng.reporters.JUnitReportReporter -->
<testsuite hostname="DESKTOP-TCMQ2TK" failures="0" tests="1" name="com.obsquara.SevenRMart.testscript.AdminLogin" time="4.221" errors="0" timestamp="2023-09-21T18:38:49 IST" skipped="0">
  <testcase classname="com.obsquara.SevenRMart.testscript.AdminLogin" name="verifyinvalidusernameAndpassword" time="4.221"/>
  <system-out/>
</testsuite> <!-- com.obsquara.SevenRMart.testscript.AdminLogin -->
