<?xml version="1.0" encoding="UTF-8"?>
<!-- Generated by org.testng.reporters.JUnitReportReporter -->
<testsuite hostname="DESKTOP-TCMQ2TK" failures="0" tests="1" name="com.obsquara.SevenRMart.testscript.ManageUsersTest" time="7.445" errors="0" timestamp="2023-10-02T12:19:54 IST" skipped="0">
  <testcase classname="com.obsquara.SevenRMart.testscript.ManageUsersTest" name="verifysAbleToSearchTheUserdetails" time="7.445"/>
  <system-out/>
</testsuite> <!-- com.obsquara.SevenRMart.testscript.ManageUsersTest -->
