<?xml version="1.0" encoding="UTF-8"?>
<!-- Generated by org.testng.reporters.JUnitReportReporter -->
<testsuite hostname="DESKTOP-TCMQ2TK" failures="0" tests="1" name="com.obsquara.SevenRMart.SevenRMart" time="4.631" errors="0" timestamp="2023-09-20T19:00:22 IST" skipped="0">
  <testcase classname="com.obsquara.SevenRMart.SevenRMart" name="sevenrmartAdminLogin" time="4.631"/>
  <system-out/>
</testsuite> <!-- com.obsquara.SevenRMart.SevenRMart -->
