<?xml version="1.0" encoding="UTF-8"?>
<!-- Generated by org.testng.reporters.JUnitReportReporter -->
<testsuite hostname="DESKTOP-TCMQ2TK" failures="0" tests="1" name="com.obsquara.SevenRMart.testscript.LogoutTest" time="13.599" errors="0" timestamp="2023-09-27T16:03:47 IST" skipped="0">
  <testcase classname="com.obsquara.SevenRMart.testscript.LogoutTest" name="verifyTheAdminLogout" time="13.599"/>
  <system-out/>
</testsuite> <!-- com.obsquara.SevenRMart.testscript.LogoutTest -->
