<?xml version="1.0" encoding="UTF-8"?>
<!-- Generated by org.testng.reporters.JUnitReportReporter -->
<testsuite hostname="DESKTOP-TCMQ2TK" failures="0" tests="1" name="com.obsquara.SevenRMart.testscript.ManagerSliderTest" time="16.316" errors="0" timestamp="2023-09-29T12:21:37 IST" skipped="0">
  <testcase classname="com.obsquara.SevenRMart.testscript.ManagerSliderTest" name="entersliderinformationinmanagersliderpage" time="16.316"/>
  <system-out/>
</testsuite> <!-- com.obsquara.SevenRMart.testscript.ManagerSliderTest -->
