<?xml version="1.0" encoding="UTF-8"?>
<!-- Generated by org.testng.reporters.JUnitReportReporter -->
<testsuite hostname="DESKTOP-TCMQ2TK" failures="0" tests="1" name="com.obsquara.SevenRMart.testscript.ManageLocationText" time="4.986" errors="0" timestamp="2023-10-03T23:17:55 IST" skipped="0">
  <testcase classname="com.obsquara.SevenRMart.testscript.ManageLocationText" name="verifySearchthedetailsofmanagelocationpage" time="4.986"/>
  <system-out/>
</testsuite> <!-- com.obsquara.SevenRMart.testscript.ManageLocationText -->
