<?xml version="1.0" encoding="UTF-8"?>
<!-- Generated by org.testng.reporters.JUnitReportReporter -->
<testsuite hostname="DESKTOP-TCMQ2TK" failures="0" tests="1" name="com.obsquara.SevenRMart.testscript.ManageExpenseTest" time="37.009" errors="0" timestamp="2023-10-01T23:04:49 IST" skipped="0">
  <testcase classname="com.obsquara.SevenRMart.testscript.ManageExpenseTest" name="VerifytheAddnewmanageexpense" time="37.009"/>
  <system-out/>
</testsuite> <!-- com.obsquara.SevenRMart.testscript.ManageExpenseTest -->
