<?xml version="1.0" encoding="UTF-8"?>
<!-- Generated by org.testng.reporters.JUnitReportReporter -->
<testsuite hostname="DESKTOP-TCMQ2TK" failures="0" tests="1" name="com.obsquara.SevenRMart.testscript.ManageLocationText" time="8.928" errors="0" timestamp="2023-09-27T22:20:40 IST" skipped="0">
  <testcase classname="com.obsquara.SevenRMart.testscript.ManageLocationText" name="verifySearchthedetailsofmanagelocationpage" time="8.928"/>
  <system-out/>
</testsuite> <!-- com.obsquara.SevenRMart.testscript.ManageLocationText -->
