<?xml version="1.0" encoding="UTF-8"?>
<!-- Generated by org.testng.reporters.JUnitReportReporter -->
<testsuite hostname="DESKTOP-TCMQ2TK" failures="0" tests="1" name="com.obsquara.SevenRMart.testscript.ListPagesTest" time="6.926" errors="0" timestamp="2023-09-24T01:04:06 IST" skipped="0">
  <testcase classname="com.obsquara.SevenRMart.testscript.ListPagesTest" name="verifyaddnewitemlistsavebuttontext" time="6.926"/>
  <system-out/>
</testsuite> <!-- com.obsquara.SevenRMart.testscript.ListPagesTest -->
