<?xml version="1.0" encoding="UTF-8"?>
<!-- Generated by org.testng.reporters.JUnitReportReporter -->
<testsuite hostname="DESKTOP-TCMQ2TK" failures="0" tests="1" name="com.obsquara.SevenRMart.testscript.ManageProdductTest" time="10.243" errors="0" timestamp="2023-09-28T20:04:14 IST" skipped="0">
  <testcase classname="com.obsquara.SevenRMart.testscript.ManageProdductTest" name="verifyUnableToaddNewIteminmanageproductpage" time="10.243"/>
  <system-out/>
</testsuite> <!-- com.obsquara.SevenRMart.testscript.ManageProdductTest -->
