<?xml version="1.0" encoding="UTF-8"?>
<!-- Generated by org.testng.reporters.JUnitReportReporter -->
<testsuite hostname="DESKTOP-TCMQ2TK" failures="0" tests="1" name="com.obsquara.SevenRMart.testscript.SevenRMart" time="4.718" errors="0" timestamp="2023-09-21T14:08:14 IST" skipped="0">
  <testcase classname="com.obsquara.SevenRMart.testscript.SevenRMart" name="verifyWrongUserandcorrectPassword" time="4.718"/>
  <system-out/>
</testsuite> <!-- com.obsquara.SevenRMart.testscript.SevenRMart -->
