<?xml version="1.0" encoding="UTF-8"?>
<!-- Generated by org.testng.reporters.JUnitReportReporter -->
<testsuite hostname="DESKTOP-TCMQ2TK" failures="0" tests="2" name="com.obsquara.SevenRMart.testscript.LoginTest" time="13.197" errors="0" timestamp="2023-12-06T11:55:39 IST" skipped="0">
  <testcase classname="com.obsquara.SevenRMart.testscript.LoginTest" name="verifyUserIsAbleToLoginWithCorrectUserNameAndPassword" time="5.406"/>
  <system-out/>
  <testcase classname="com.obsquara.SevenRMart.testscript.LoginTest" name="verifycorrectUserNameandwrongPassword" time="7.791"/>
  <system-out/>
</testsuite> <!-- com.obsquara.SevenRMart.testscript.LoginTest -->
