<?xml version="1.0" encoding="UTF-8"?>
<!-- Generated by org.testng.reporters.JUnitReportReporter -->
<testsuite hostname="DESKTOP-TCMQ2TK" failures="0" tests="1" name="com.obsquara.SevenRMart.testscript.PushNotificationTest" time="7.590" errors="0" timestamp="2023-10-02T12:20:06 IST" skipped="0">
  <testcase classname="com.obsquara.SevenRMart.testscript.PushNotificationTest" name="sendThePushNotificationInformation" time="7.590"/>
  <system-out/>
</testsuite> <!-- com.obsquara.SevenRMart.testscript.PushNotificationTest -->
