<?xml version="1.0" encoding="UTF-8"?>
<!-- Generated by org.testng.reporters.JUnitReportReporter -->
<testsuite hostname="DESKTOP-TCMQ2TK" failures="0" tests="1" name="com.obsquara.SevenRMart.testscript.ManageTest" time="6.831" errors="0" timestamp="2023-09-23T23:51:19 IST" skipped="0">
  <testcase classname="com.obsquara.SevenRMart.testscript.ManageTest" name="verifythemanagePagesisabletonavigate" time="6.831"/>
  <system-out/>
</testsuite> <!-- com.obsquara.SevenRMart.testscript.ManageTest -->
