<?xml version="1.0" encoding="UTF-8"?>
<!-- Generated by org.testng.reporters.JUnitReportReporter -->
<testsuite hostname="DESKTOP-TCMQ2TK" failures="0" tests="1" name="com.obsquara.SeleniumTestNG.SelectClass" time="7.107" errors="0" timestamp="2023-10-04T22:07:27 IST" skipped="0">
  <testcase classname="com.obsquara.SeleniumTestNG.SelectClass" name="sampleSelectClass" time="7.107"/>
  <system-out/>
</testsuite> <!-- com.obsquara.SeleniumTestNG.SelectClass -->
