<?xml version="1.0" encoding="UTF-8"?>
<!-- Generated by org.testng.reporters.JUnitReportReporter -->
<testsuite hostname="DESKTOP-TCMQ2TK" failures="0" tests="2" name="com.obsquara.SeleniumTestNG.PopUp" time="13.763" errors="0" timestamp="2023-10-03T08:38:25 IST" skipped="0">
  <testcase classname="com.obsquara.SeleniumTestNG.PopUp" name="popup" time="7.550"/>
  <system-out/>
  <testcase classname="com.obsquara.SeleniumTestNG.PopUp" name="alertmet" time="6.213"/>
  <system-out/>
</testsuite> <!-- com.obsquara.SeleniumTestNG.PopUp -->
