<?xml version="1.0" encoding="UTF-8"?>
<!-- Generated by org.testng.reporters.JUnitReportReporter -->
<testsuite hostname="DESKTOP-TCMQ2TK" failures="0" tests="1" name="com.obsquara.SeleniumTestNG.FindElementsSample" time="5.491" errors="0" timestamp="2023-09-14T18:40:41 IST" skipped="0">
  <testcase classname="com.obsquara.SeleniumTestNG.FindElementsSample" name="menuElements" time="5.491"/>
  <system-out/>
</testsuite> <!-- com.obsquara.SeleniumTestNG.FindElementsSample -->
