<?xml version="1.0" encoding="UTF-8"?>
<!-- Generated by org.testng.reporters.JUnitReportReporter -->
<testsuite hostname="DESKTOP-TCMQ2TK" failures="0" tests="1" name="com.obsquara.SeleniumTestNG.Assertion" time="5.068" errors="0" timestamp="2023-09-20T18:08:32 IST" skipped="0">
  <testcase classname="com.obsquara.SeleniumTestNG.Assertion" name="verifyShowButtontext" time="5.068"/>
  <system-out/>
</testsuite> <!-- com.obsquara.SeleniumTestNG.Assertion -->
