<?xml version="1.0" encoding="UTF-8"?>
<!-- Generated by org.testng.reporters.JUnitReportReporter -->
<testsuite hostname="DESKTOP-TCMQ2TK" failures="0" tests="1" name="com.obsquara.SeleniumTestNG.PopUp" time="7.116" errors="0" timestamp="2023-09-17T00:02:35 IST" skipped="0">
  <testcase classname="com.obsquara.SeleniumTestNG.PopUp" name="popup" time="7.116"/>
  <system-out/>
</testsuite> <!-- com.obsquara.SeleniumTestNG.PopUp -->
