<?xml version="1.0" encoding="UTF-8"?>
<!-- Generated by org.testng.reporters.JUnitReportReporter -->
<testsuite hostname="DESKTOP-TCMQ2TK" failures="0" tests="2" name="com.obsquara.SeleniumTestNG.AnnotationScenario" time="12.013" errors="0" timestamp="2023-09-13T22:57:48 IST" skipped="0">
  <testcase classname="com.obsquara.SeleniumTestNG.AnnotationScenario" name="testcase2" time="7.082"/>
  <system-out/>
  <testcase classname="com.obsquara.SeleniumTestNG.AnnotationScenario" name="testcase1" time="4.931"/>
  <system-out/>
</testsuite> <!-- com.obsquara.SeleniumTestNG.AnnotationScenario -->
