<?xml version="1.0" encoding="UTF-8"?>
<!-- Generated by org.testng.reporters.JUnitReportReporter -->
<testsuite hostname="DESKTOP-TCMQ2TK" failures="0" tests="1" name="com.obsquara.SeleniumTestNG.Annotations" time="0.019" errors="0" timestamp="2023-09-07T15:50:17 IST" skipped="0">
  <testcase classname="com.obsquara.SeleniumTestNG.Annotations" name="testcase" time="0.019"/>
  <system-out/>
</testsuite> <!-- com.obsquara.SeleniumTestNG.Annotations -->
