<?xml version="1.0" encoding="UTF-8"?>
<!-- Generated by org.testng.reporters.JUnitReportReporter -->
<testsuite hostname="DESKTOP-TCMQ2TK" failures="0" tests="5" name="com.obsquara.SeleniumTestNG.TestcasesObsquara" time="20.127" errors="0" timestamp="2023-09-14T07:27:12 IST" skipped="0">
  <testcase classname="com.obsquara.SeleniumTestNG.TestcasesObsquara" name="xpathTestcase" time="7.411"/>
  <system-out/>
  <testcase classname="com.obsquara.SeleniumTestNG.TestcasesObsquara" name="cssSelectorTestcase" time="3.008"/>
  <system-out/>
  <testcase classname="com.obsquara.SeleniumTestNG.TestcasesObsquara" name="idButtonTestcase" time="3.444"/>
  <system-out/>
  <testcase classname="com.obsquara.SeleniumTestNG.TestcasesObsquara" name="classAndId" time="3.313"/>
  <system-out/>
  <testcase classname="com.obsquara.SeleniumTestNG.TestcasesObsquara" name="verifyShowButtontext" time="2.951"/>
  <system-out/>
</testsuite> <!-- com.obsquara.SeleniumTestNG.TestcasesObsquara -->
