<?xml version="1.0" encoding="UTF-8"?>
<!-- Generated by org.testng.reporters.JUnitReportReporter -->
<testsuite hostname="DESKTOP-TCMQ2TK" failures="0" tests="1" name="com.obsquara.SeleniumTestNG.ActionsClass" time="6.177" errors="0" timestamp="2023-09-18T22:13:52 IST" skipped="0">
  <testcase classname="com.obsquara.SeleniumTestNG.ActionsClass" name="actions" time="6.177"/>
  <system-out/>
</testsuite> <!-- com.obsquara.SeleniumTestNG.ActionsClass -->
