<?xml version="1.0" encoding="UTF-8"?>
<!-- Generated by org.testng.reporters.JUnitReportReporter -->
<testsuite hostname="DESKTOP-TCMQ2TK" failures="0" tests="1" name="com.obsquara.SeleniumTestNG.TestcasesObsquara" time="5.436" errors="0" timestamp="2023-09-15T09:23:38 IST" skipped="0">
  <testcase classname="com.obsquara.SeleniumTestNG.TestcasesObsquara" name="verifyShowButtontext" time="5.436"/>
  <system-out/>
</testsuite> <!-- com.obsquara.SeleniumTestNG.TestcasesObsquara -->
