<?xml version="1.0" encoding="UTF-8"?>
<!-- Generated by org.testng.reporters.JUnitReportReporter -->
<testsuite hostname="DESKTOP-TCMQ2TK" failures="0" tests="1" name="com.obsquara.SeleniumTestNG.AnnotationScenario" time="7.128" errors="0" timestamp="2023-09-14T20:05:43 IST" skipped="0">
  <testcase classname="com.obsquara.SeleniumTestNG.AnnotationScenario" name="testCase1" time="7.128"/>
  <system-out/>
</testsuite> <!-- com.obsquara.SeleniumTestNG.AnnotationScenario -->
