<?xml version="1.0" encoding="UTF-8"?>
<!-- Generated by org.testng.reporters.JUnitReportReporter -->
<testsuite hostname="DESKTOP-TCMQ2TK" failures="0" tests="2" name="com.obsquara.SeleniumTestNG.FindElementsSample" time="9.829" errors="0" timestamp="2023-09-13T21:24:00 IST" skipped="0">
  <testcase classname="com.obsquara.SeleniumTestNG.FindElementsSample" name="simpleformdemo" time="3.884"/>
  <system-out/>
  <testcase classname="com.obsquara.SeleniumTestNG.FindElementsSample" name="findelements" time="5.945"/>
  <system-out/>
</testsuite> <!-- com.obsquara.SeleniumTestNG.FindElementsSample -->
