<?xml version="1.0" encoding="UTF-8"?>
<!-- Generated by org.testng.reporters.JUnitReportReporter -->
<testsuite hostname="DESKTOP-TCMQ2TK" failures="0" tests="1" name="com.obsquara.SeleniumTestNG.FileUpload" time="10.454" errors="0" timestamp="2023-09-28T18:15:24 IST" skipped="0">
  <testcase classname="com.obsquara.SeleniumTestNG.FileUpload" name="fileUploadSample" time="10.454"/>
  <system-out/>
</testsuite> <!-- com.obsquara.SeleniumTestNG.FileUpload -->
