<?xml version="1.0" encoding="UTF-8"?>
<!-- Generated by org.testng.reporters.JUnitReportReporter -->
<testsuite hostname="DESKTOP-TCMQ2TK" failures="0" tests="5" name="com.obsquara.SeleniumTestNG.TestcasesObsquara" time="26.160" errors="0" timestamp="2023-09-11T13:33:03 IST" skipped="0">
  <testcase classname="com.obsquara.SeleniumTestNG.TestcasesObsquara" name="cssSelectorTestcase" time="4.601"/>
  <system-out/>
  <testcase classname="com.obsquara.SeleniumTestNG.TestcasesObsquara" name="classAndId" time="4.686"/>
  <system-out/>
  <testcase classname="com.obsquara.SeleniumTestNG.TestcasesObsquara" name="xpathTestcase" time="7.741"/>
  <system-out/>
  <testcase classname="com.obsquara.SeleniumTestNG.TestcasesObsquara" name="verifyShowButtontext" time="4.864"/>
  <system-out/>
  <testcase classname="com.obsquara.SeleniumTestNG.TestcasesObsquara" name="idButtonTestcase" time="4.268"/>
  <system-out/>
</testsuite> <!-- com.obsquara.SeleniumTestNG.TestcasesObsquara -->
