<?xml version="1.0" encoding="UTF-8"?>
<!-- Generated by org.testng.reporters.JUnitReportReporter -->
<testsuite hostname="DESKTOP-TCMQ2TK" failures="0" tests="2" name="com.obsquara.SeleniumTestNG.FindElementsSample" time="8.118" errors="0" timestamp="2023-09-13T22:20:38 IST" skipped="0">
  <testcase classname="com.obsquara.SeleniumTestNG.FindElementsSample" name="findelements" time="4.655"/>
  <system-out/>
  <testcase classname="com.obsquara.SeleniumTestNG.FindElementsSample" name="menuElements" time="3.463"/>
  <system-out/>
</testsuite> <!-- com.obsquara.SeleniumTestNG.FindElementsSample -->
