<?xml version="1.0" encoding="UTF-8"?>
<!-- Generated by org.testng.reporters.JUnitReportReporter -->
<testsuite hostname="DESKTOP-TCMQ2TK" failures="0" tests="1" name="com.obsquara.SeleniumTestNG.TestcasesObsquara" time="7.170" errors="0" timestamp="2023-09-19T12:02:11 IST" skipped="0">
  <testcase classname="com.obsquara.SeleniumTestNG.TestcasesObsquara" name="verifyShowButtonAlignment" time="7.170"/>
  <system-out/>
</testsuite> <!-- com.obsquara.SeleniumTestNG.TestcasesObsquara -->
