<?xml version="1.0" encoding="UTF-8"?>
<!-- Generated by org.testng.reporters.JUnitReportReporter -->
<testsuite hostname="DESKTOP-TCMQ2TK" failures="0" tests="2" name="com.obsquara.SeleniumTestNG.WebTable" time="9.046" errors="0" timestamp="2023-09-15T23:44:38 IST" skipped="0">
  <testcase classname="com.obsquara.SeleniumTestNG.WebTable" name="identifyName" time="3.939"/>
  <system-out/>
  <testcase classname="com.obsquara.SeleniumTestNG.WebTable" name="tableList" time="5.107"/>
  <system-out/>
</testsuite> <!-- com.obsquara.SeleniumTestNG.WebTable -->
