<?xml version="1.0" encoding="UTF-8"?>
<!-- Generated by org.testng.reporters.JUnitReportReporter -->
<testsuite hostname="DESKTOP-TCMQ2TK" failures="1" tests="8" name="com.obsquara.SeleniumTestNG.Assertion" time="27.437" errors="0" timestamp="2023-09-13T08:30:01 IST" skipped="0">
  <testcase classname="com.obsquara.SeleniumTestNG.Assertion" name="assertNotNullSample" time="2.937"/>
  <system-out/>
  <testcase classname="com.obsquara.SeleniumTestNG.Assertion" name="verifyShowButtontext" time="2.929"/>
  <system-out/>
  <testcase classname="com.obsquara.SeleniumTestNG.Assertion" name="notEqualSample" time="2.924"/>
  <system-out/>
  <testcase classname="com.obsquara.SeleniumTestNG.Assertion" name="assertFalsRadiobuttonDisable" time="3.776"/>
  <system-out/>
  <testcase classname="com.obsquara.SeleniumTestNG.Assertion" name="assertsEqualsSingleinputform" time="3.177"/>
  <system-out/>
  <testcase classname="com.obsquara.SeleniumTestNG.Assertion" name="assertNullSample" time="2.951"/>
  <system-out/>
  <testcase classname="com.obsquara.SeleniumTestNG.Assertion" name="asserTrueRadioButtonM" time="3.454"/>
  <system-out/>
  <testcase classname="com.obsquara.SeleniumTestNG.Assertion" name="softAssert" time="5.289">
    <failure message="The following asserts failed:
	The Text is Not Show Message expected [Show Messages] but found [Show Message]" type="java.lang.AssertionError">
      <![CDATA[java.lang.AssertionError: The following asserts failed:
The Text is Not Show Message expected [Show Messages] but found [Show Message]
at org.testng.asserts.SoftAssert.assertAll(SoftAssert.java:46)
at org.testng.asserts.SoftAssert.assertAll(SoftAssert.java:30)
at com.obsquara.SeleniumTestNG.Assertion.softAssert(Assertion.java:84)
at java.base/jdk.internal.reflect.NativeMethodAccessorImpl.invoke0(Native Method)
at java.base/jdk.internal.reflect.NativeMethodAccessorImpl.invoke(NativeMethodAccessorImpl.java:77)
at java.base/jdk.internal.reflect.DelegatingMethodAccessorImpl.invoke(DelegatingMethodAccessorImpl.java:43)
at java.base/java.lang.reflect.Method.invoke(Method.java:568)
at org.testng.internal.invokers.MethodInvocationHelper.invokeMethod(MethodInvocationHelper.java:135)
at org.testng.internal.invokers.TestInvoker.invokeMethod(TestInvoker.java:673)
at org.testng.internal.invokers.TestInvoker.invokeTestMethod(TestInvoker.java:220)
at org.testng.internal.invokers.MethodRunner.runInSequence(MethodRunner.java:50)
at org.testng.internal.invokers.TestInvoker$MethodInvocationAgent.invoke(TestInvoker.java:945)
at org.testng.internal.invokers.TestInvoker.invokeTestMethods(TestInvoker.java:193)
at org.testng.internal.invokers.TestMethodWorker.invokeTestMethods(TestMethodWorker.java:146)
at org.testng.internal.invokers.TestMethodWorker.run(TestMethodWorker.java:128)
at java.base/java.util.ArrayList.forEach(ArrayList.java:1511)
at org.testng.TestRunner.privateRun(TestRunner.java:808)
at org.testng.TestRunner.run(TestRunner.java:603)
at org.testng.SuiteRunner.runTest(SuiteRunner.java:429)
at org.testng.SuiteRunner.runSequentially(SuiteRunner.java:423)
at org.testng.SuiteRunner.privateRun(SuiteRunner.java:383)
at org.testng.SuiteRunner.run(SuiteRunner.java:326)
at org.testng.SuiteRunnerWorker.runSuite(SuiteRunnerWorker.java:52)
at org.testng.SuiteRunnerWorker.run(SuiteRunnerWorker.java:95)
at org.testng.TestNG.runSuitesSequentially(TestNG.java:1249)
at org.testng.TestNG.runSuitesLocally(TestNG.java:1169)
at org.testng.TestNG.runSuites(TestNG.java:1092)
at org.testng.TestNG.run(TestNG.java:1060)
at org.testng.remote.AbstractRemoteTestNG.run(AbstractRemoteTestNG.java:115)
at org.testng.remote.RemoteTestNG.initAndRun(RemoteTestNG.java:251)
at org.testng.remote.RemoteTestNG.main(RemoteTestNG.java:77)
]]>
    </failure>
  </testcase> <!-- softAssert -->
  <system-out/>
</testsuite> <!-- com.obsquara.SeleniumTestNG.Assertion -->
