<?xml version="1.0" encoding="UTF-8"?>
<!-- Generated by org.testng.reporters.JUnitReportReporter -->
<testsuite hostname="DESKTOP-TCMQ2TK" failures="0" tests="8" name="com.obsquara.SeleniumTestNG.Assertion" time="28.024" errors="0" timestamp="2023-10-03T08:38:25 IST" skipped="0">
  <testcase classname="com.obsquara.SeleniumTestNG.Assertion" name="notEqualSample" time="3.563"/>
  <system-out/>
  <testcase classname="com.obsquara.SeleniumTestNG.Assertion" name="assertNullSample" time="3.100"/>
  <system-out/>
  <testcase classname="com.obsquara.SeleniumTestNG.Assertion" name="verifyShowButtontext" time="3.410"/>
  <system-out/>
  <testcase classname="com.obsquara.SeleniumTestNG.Assertion" name="assertNotNullSample" time="3.490"/>
  <system-out/>
  <testcase classname="com.obsquara.SeleniumTestNG.Assertion" name="assertFalsRadiobuttonDisable" time="3.977"/>
  <system-out/>
  <testcase classname="com.obsquara.SeleniumTestNG.Assertion" name="asserTrueRadioButtonM" time="3.472"/>
  <system-out/>
  <testcase classname="com.obsquara.SeleniumTestNG.Assertion" name="softAssert" time="3.021"/>
  <system-out/>
  <testcase classname="com.obsquara.SeleniumTestNG.Assertion" name="assertsEqualsSingleinputform" time="3.991"/>
  <system-out/>
</testsuite> <!-- com.obsquara.SeleniumTestNG.Assertion -->
