<?xml version="1.0" encoding="UTF-8"?>
<!-- Generated by org.testng.reporters.JUnitReportReporter -->
<testsuite hostname="DESKTOP-TCMQ2TK" failures="0" tests="1" name="com.obsquara.SeleniumTestNG.PopUp" time="5.773" errors="0" timestamp="2023-09-18T20:32:08 IST" skipped="0">
  <testcase classname="com.obsquara.SeleniumTestNG.PopUp" name="alertmet" time="5.773"/>
  <system-out/>
</testsuite> <!-- com.obsquara.SeleniumTestNG.PopUp -->
