<?xml version="1.0" encoding="UTF-8"?>
<!-- Generated by org.testng.reporters.JUnitReportReporter -->
<testsuite hostname="DESKTOP-TCMQ2TK" failures="0" tests="1" name="com.obsquara.SeleniumTestNG.ActionsClass" time="6.648" errors="0" timestamp="2023-09-17T21:06:55 IST" skipped="0">
  <testcase classname="com.obsquara.SeleniumTestNG.ActionsClass" name="actions" time="6.648"/>
  <system-out/>
</testsuite> <!-- com.obsquara.SeleniumTestNG.ActionsClass -->
