<?xml version="1.0" encoding="UTF-8"?>
<!-- Generated by org.testng.reporters.JUnitReportReporter -->
<testsuite hostname="DESKTOP-TCMQ2TK" failures="0" tests="2" name="com.obsquara.SeleniumTestNG.WebTable" time="9.661" errors="0" timestamp="2023-09-14T19:19:05 IST" skipped="0">
  <testcase classname="com.obsquara.SeleniumTestNG.WebTable" name="identifyName" time="5.692"/>
  <system-out/>
  <testcase classname="com.obsquara.SeleniumTestNG.WebTable" name="tableList" time="3.969"/>
  <system-out/>
</testsuite> <!-- com.obsquara.SeleniumTestNG.WebTable -->
