<?xml version="1.0" encoding="UTF-8"?>
<!-- Generated by org.testng.reporters.JUnitReportReporter -->
<testsuite hostname="DESKTOP-TCMQ2TK" failures="0" tests="2" name="com.obsquara.SeleniumTestNG.Annotations" time="0.003" errors="0" timestamp="2023-10-04T22:07:27 IST" skipped="0">
  <testcase classname="com.obsquara.SeleniumTestNG.Annotations" name="testcase2" time="0.002"/>
  <system-out/>
  <testcase classname="com.obsquara.SeleniumTestNG.Annotations" name="testcase1" time="0.001"/>
  <system-out/>
</testsuite> <!-- com.obsquara.SeleniumTestNG.Annotations -->
