<?xml version="1.0" encoding="UTF-8"?>
<!-- Generated by org.testng.reporters.JUnitReportReporter -->
<testsuite hostname="DESKTOP-TCMQ2TK" failures="0" tests="1" name="com.obsquara.SeleniumTestNG.WebTable" time="6.126" errors="0" timestamp="2023-09-24T23:00:39 IST" skipped="0">
  <testcase classname="com.obsquara.SeleniumTestNG.WebTable" name="identifyName" time="6.126"/>
  <system-out/>
</testsuite> <!-- com.obsquara.SeleniumTestNG.WebTable -->
