<?xml version="1.0" encoding="UTF-8"?>
<!-- Generated by org.testng.reporters.JUnitReportReporter -->
<testsuite hostname="DESKTOP-TCMQ2TK" failures="0" tests="1" name="com.obsquara.SeleniumTestNG.FindElementsSample" time="3.909" errors="0" timestamp="2023-10-03T08:38:25 IST" skipped="0">
  <testcase classname="com.obsquara.SeleniumTestNG.FindElementsSample" name="menuElements" time="3.909"/>
  <system-out/>
</testsuite> <!-- com.obsquara.SeleniumTestNG.FindElementsSample -->
